[    0.000000] Linux version 4.15.0-48-generic (buildd@lgw01-amd64-036) (gcc version 7.3.0 (Ubuntu 7.3.0-16ubuntu3)) #51-Ubuntu SMP Wed Apr 3 08:28:49 UTC 2019 (Ubuntu 4.15.0-48.51-generic 4.15.18)
[    0.000000] Command line: BOOT_IMAGE=/boot/vmlinuz-4.15.0-48-generic root=LABEL=cloudimg-rootfs ro console=tty1 console=ttyS0
[    0.000000] KERNEL supported cpus:
[    0.000000]   Intel GenuineIntel
[    0.000000]   AMD AuthenticAMD
[    0.000000]   Centaur CentaurHauls
[    0.000000] x86/fpu: Supporting XSAVE feature 0x001: 'x87 floating point registers'
[    0.000000] x86/fpu: Supporting XSAVE feature 0x002: 'SSE registers'
[    0.000000] x86/fpu: Supporting XSAVE feature 0x004: 'AVX registers'
[    0.000000] x86/fpu: xstate_offset[2]:  576, xstate_sizes[2]:  256
[    0.000000] x86/fpu: Enabled xstate features 0x7, context size is 832 bytes, using 'standard' format.
[    0.000000] e820: BIOS-provided physical RAM map:
[    0.000000] BIOS-e820: [mem 0x0000000000000000-0x000000000009fbff] usable
[    0.000000] BIOS-e820: [mem 0x000000000009fc00-0x000000000009ffff] reserved
[    0.000000] BIOS-e820: [mem 0x00000000000f0000-0x00000000000fffff] reserved
[    0.000000] BIOS-e820: [mem 0x0000000000100000-0x000000007ffeffff] usable
[    0.000000] BIOS-e820: [mem 0x000000007fff0000-0x000000007fffffff] ACPI data
[    0.000000] BIOS-e820: [mem 0x00000000fec00000-0x00000000fec00fff] reserved
[    0.000000] BIOS-e820: [mem 0x00000000fee00000-0x00000000fee00fff] reserved
[    0.000000] BIOS-e820: [mem 0x00000000fffc0000-0x00000000ffffffff] reserved
[    0.000000] NX (Execute Disable) protection: active
[    0.000000] SMBIOS 2.5 present.
[    0.000000] DMI: innotek GmbH VirtualBox/VirtualBox, BIOS VirtualBox 12/01/2006
[    0.000000] Hypervisor detected: KVM
[    0.000000] e820: last_pfn = 0x7fff0 max_arch_pfn = 0x400000000
[    0.000000] MTRR: Disabled
[    0.000000] x86/PAT: MTRRs disabled, skipping PAT initialization too.
[    0.000000] CPU MTRRs all blank - virtualized system.
[    0.000000] x86/PAT: Configuration [0-7]: WB  WT  UC- UC  WB  WT  UC- UC  
[    0.000000] found SMP MP-table at [mem 0x0009fff0-0x0009ffff] mapped at [        (ptrval)]
[    0.000000] Scanning 1 areas for low memory corruption
[    0.000000] RAMDISK: [mem 0x35987000-0x36cbafff]
[    0.000000] ACPI: Early table checksum verification disabled
[    0.000000] ACPI: RSDP 0x00000000000E0000 000024 (v02 VBOX  )
[    0.000000] ACPI: XSDT 0x000000007FFF0030 00003C (v01 VBOX   VBOXXSDT 00000001 ASL  00000061)
[    0.000000] ACPI: FACP 0x000000007FFF00F0 0000F4 (v04 VBOX   VBOXFACP 00000001 ASL  00000061)
[    0.000000] ACPI: DSDT 0x000000007FFF0480 0022EA (v02 VBOX   VBOXBIOS 00000002 INTL 20100528)
[    0.000000] ACPI: FACS 0x000000007FFF0200 000040
[    0.000000] ACPI: FACS 0x000000007FFF0200 000040
[    0.000000] ACPI: APIC 0x000000007FFF0240 00006C (v02 VBOX   VBOXAPIC 00000001 ASL  00000061)
[    0.000000] ACPI: SSDT 0x000000007FFF02B0 0001CC (v01 VBOX   VBOXCPUT 00000002 INTL 20100528)
[    0.000000] No NUMA configuration found
[    0.000000] Faking a node at [mem 0x0000000000000000-0x000000007ffeffff]
[    0.000000] NODE_DATA(0) allocated [mem 0x7ffc5000-0x7ffeffff]
[    0.000000] kvm-clock: cpu 0, msr 0:7ff44001, primary cpu clock
[    0.000000] kvm-clock: Using msrs 4b564d01 and 4b564d00
[    0.000000] kvm-clock: using sched offset of 4574311791 cycles
[    0.000000] clocksource: kvm-clock: mask: 0xffffffffffffffff max_cycles: 0x1cd42e4dffb, max_idle_ns: 881590591483 ns
[    0.000000] Zone ranges:
[    0.000000]   DMA      [mem 0x0000000000001000-0x0000000000ffffff]
[    0.000000]   DMA32    [mem 0x0000000001000000-0x000000007ffeffff]
[    0.000000]   Normal   empty
[    0.000000]   Device   empty
[    0.000000] Movable zone start for each node
[    0.000000] Early memory node ranges
[    0.000000]   node   0: [mem 0x0000000000001000-0x000000000009efff]
[    0.000000]   node   0: [mem 0x0000000000100000-0x000000007ffeffff]
[    0.000000] Reserved but unavailable: 114 pages
[    0.000000] Initmem setup node 0 [mem 0x0000000000001000-0x000000007ffeffff]
[    0.000000] ACPI: PM-Timer IO Port: 0x4008
[    0.000000] IOAPIC[0]: apic_id 4, version 32, address 0xfec00000, GSI 0-23
[    0.000000] ACPI: INT_SRC_OVR (bus 0 bus_irq 0 global_irq 2 dfl dfl)
[    0.000000] ACPI: INT_SRC_OVR (bus 0 bus_irq 9 global_irq 9 low level)
[    0.000000] Using ACPI (MADT) for SMP configuration information
[    0.000000] smpboot: Allowing 4 CPUs, 0 hotplug CPUs
[    0.000000] PM: Registered nosave memory: [mem 0x00000000-0x00000fff]
[    0.000000] PM: Registered nosave memory: [mem 0x0009f000-0x0009ffff]
[    0.000000] PM: Registered nosave memory: [mem 0x000a0000-0x000effff]
[    0.000000] PM: Registered nosave memory: [mem 0x000f0000-0x000fffff]
[    0.000000] e820: [mem 0x80000000-0xfebfffff] available for PCI devices
[    0.000000] Booting paravirtualized kernel on KVM
[    0.000000] clocksource: refined-jiffies: mask: 0xffffffff max_cycles: 0xffffffff, max_idle_ns: 7645519600211568 ns
[    0.000000] random: get_random_bytes called from start_kernel+0x99/0x4fd with crng_init=0
[    0.000000] setup_percpu: NR_CPUS:8192 nr_cpumask_bits:4 nr_cpu_ids:4 nr_node_ids:1
[    0.000000] percpu: Embedded 46 pages/cpu @        (ptrval) s151552 r8192 d28672 u524288
[    0.000000] PV qspinlock hash table entries: 256 (order: 0, 4096 bytes)
[    0.000000] Built 1 zonelists, mobility grouping on.  Total pages: 515961
[    0.000000] Policy zone: DMA32
[    0.000000] Kernel command line: BOOT_IMAGE=/boot/vmlinuz-4.15.0-48-generic root=LABEL=cloudimg-rootfs ro console=tty1 console=ttyS0
[    0.000000] Memory: 2014744K/2096696K available (12300K kernel code, 2473K rwdata, 4276K rodata, 2408K init, 2416K bss, 81952K reserved, 0K cma-reserved)
[    0.000000] SLUB: HWalign=64, Order=0-3, MinObjects=0, CPUs=4, Nodes=1
[    0.000000] Kernel/User page tables isolation: enabled
[    0.000000] ftrace: allocating 39226 entries in 154 pages
[    0.004000] Hierarchical RCU implementation.
[    0.004000] 	RCU restricting CPUs from NR_CPUS=8192 to nr_cpu_ids=4.
[    0.004000] 	Tasks RCU enabled.
[    0.004000] RCU: Adjusting geometry for rcu_fanout_leaf=16, nr_cpu_ids=4
[    0.004000] NR_IRQS: 524544, nr_irqs: 456, preallocated irqs: 16
[    0.004000] Console: colour VGA+ 80x25
[    0.004000] console [tty1] enabled
[    0.004000] console [ttyS0] enabled
[    0.004000] ACPI: Core revision 20170831
[    0.004000] ACPI: 2 ACPI AML tables successfully acquired and loaded
[    0.004000] APIC: Switch to symmetric I/O mode setup
[    0.004000] x2apic enabled
[    0.004000] Switched APIC routing to physical x2apic.
[    0.004000] ..TIMER: vector=0x30 apic1=0 pin1=2 apic2=-1 pin2=-1
[    0.004004] tsc: Detected 2207.996 MHz processor
[    0.004948] Calibrating delay loop (skipped) preset value.. 4415.99 BogoMIPS (lpj=8831984)
[    0.005413] pid_max: default: 32768 minimum: 301
[    0.006249] Security Framework initialized
[    0.008003] Yama: becoming mindful.
[    0.008688] AppArmor: AppArmor initialized
[    0.012016] Dentry cache hash table entries: 262144 (order: 9, 2097152 bytes)
[    0.015746] Inode-cache hash table entries: 131072 (order: 8, 1048576 bytes)
[    0.016016] Mount-cache hash table entries: 4096 (order: 3, 32768 bytes)
[    0.017202] Mountpoint-cache hash table entries: 4096 (order: 3, 32768 bytes)
[    0.020235] mce: CPU supports 0 MCE banks
[    0.020945] Last level iTLB entries: 4KB 64, 2MB 8, 4MB 8
[    0.021926] Last level dTLB entries: 4KB 64, 2MB 0, 4MB 0, 1GB 4
[    0.022924] Spectre V2 : Mitigation: Full generic retpoline
[    0.024001] Spectre V2 : Spectre v2 / SpectreRSB mitigation: Filling RSB on context switch
[    0.025387] Speculative Store Bypass: Vulnerable
[    0.026325] Freeing SMP alternatives memory: 36K
[    0.032000] smpboot: CPU0: Intel(R) Core(TM) i7-8750H CPU @ 2.20GHz (family: 0x6, model: 0x9e, stepping: 0xa)
[    0.032000] Performance Events: unsupported p6 CPU model 158 no PMU driver, software events only.
[    0.032000] Hierarchical SRCU implementation.
[    0.032469] NMI watchdog: Perf event create on CPU 0 failed with -2
[    0.033508] NMI watchdog: Perf NMI watchdog permanently disabled
[    0.034543] smp: Bringing up secondary CPUs ...
[    0.036064] x86: Booting SMP configuration:
[    0.036795] .... node  #0, CPUs:      #1
[    0.004000] kvm-clock: cpu 1, msr 0:7ff44041, secondary cpu clock
[    0.004000] mce: CPU supports 0 MCE banks
[    0.040064]  #2
[    0.004000] kvm-clock: cpu 2, msr 0:7ff44081, secondary cpu clock
[    0.004000] mce: CPU supports 0 MCE banks
[    0.044064]  #3
[    0.004000] kvm-clock: cpu 3, msr 0:7ff440c1, secondary cpu clock
[    0.004000] mce: CPU supports 0 MCE banks
[    0.048016] smp: Brought up 1 node, 4 CPUs
[    0.048877] smpboot: Max logical packages: 1
[    0.049632] smpboot: Total of 4 processors activated (17663.96 BogoMIPS)
[    0.050875] devtmpfs: initialized
[    0.052050] x86/mm: Memory block size: 128MB
[    0.053207] evm: security.selinux
[    0.053939] evm: security.SMACK64
[    0.054554] evm: security.SMACK64EXEC
[    0.055272] evm: security.SMACK64TRANSMUTE
[    0.056002] evm: security.SMACK64MMAP
[    0.056885] evm: security.apparmor
[    0.057513] evm: security.ima
[    0.058083] evm: security.capability
[    0.060007] clocksource: jiffies: mask: 0xffffffff max_cycles: 0xffffffff, max_idle_ns: 7645041785100000 ns
[    0.064008] futex hash table entries: 1024 (order: 4, 65536 bytes)
[    0.065299] pinctrl core: initialized pinctrl subsystem
[    0.066369] RTC time: 17:23:45, date: 05/07/19
[    0.068111] NET: Registered protocol family 16
[    0.069023] audit: initializing netlink subsys (disabled)
[    0.070056] audit: type=2000 audit(1557249831.748:1): state=initialized audit_enabled=0 res=1
[    0.070056] cpuidle: using governor ladder
[    0.070056] cpuidle: using governor menu
[    0.072033] ACPI: bus type PCI registered
[    0.072882] acpiphp: ACPI Hot Plug PCI Controller Driver version: 0.5
[    0.074055] PCI: Using configuration type 1 for base access
[    0.077028] HugeTLB registered 2.00 MiB page size, pre-allocated 0 pages
[    0.077124] ACPI: Added _OSI(Module Device)
[    0.077124] ACPI: Added _OSI(Processor Device)
[    0.080002] ACPI: Added _OSI(3.0 _SCP Extensions)
[    0.080971] ACPI: Added _OSI(Processor Aggregator Device)
[    0.081930] ACPI: Added _OSI(Linux-Dell-Video)
[    0.082826] ACPI: Added _OSI(Linux-Lenovo-NV-HDMI-Audio)
[    0.083819] ACPI: Added _OSI(Linux-HPI-Hybrid-Graphics)
[    0.084285] ACPI: Executed 1 blocks of module-level executable AML code
[    0.090830] ACPI: Interpreter enabled
[    0.091570] ACPI: (supports S0 S5)
[    0.092000] ACPI: Using IOAPIC for interrupt routing
[    0.092241] PCI: Using host bridge windows from ACPI; if necessary, use "pci=nocrs" and report a bug
[    0.094050] ACPI: Enabled 2 GPEs in block 00 to 07
[    0.102227] ACPI: PCI Root Bridge [PCI0] (domain 0000 [bus 00-ff])
[    0.103287] acpi PNP0A03:00: _OSC: OS supports [ASPM ClockPM Segments MSI]
[    0.104512] acpi PNP0A03:00: _OSC: not requesting OS control; OS requires [ExtendedConfig ASPM ClockPM MSI]
[    0.106315] acpi PNP0A03:00: fail to add MMCONFIG information, can't access extended PCI configuration space under this bridge.
[    0.108302] PCI host bridge to bus 0000:00
[    0.109086] pci_bus 0000:00: root bus resource [io  0x0000-0x0cf7 window]
[    0.110304] pci_bus 0000:00: root bus resource [io  0x0d00-0xffff window]
[    0.111523] pci_bus 0000:00: root bus resource [mem 0x000a0000-0x000bffff window]
[    0.112003] pci_bus 0000:00: root bus resource [mem 0x80000000-0xfdffffff window]
[    0.113362] pci_bus 0000:00: root bus resource [bus 00-ff]
[    0.117834] pci 0000:00:01.1: legacy IDE quirk: reg 0x10: [io  0x01f0-0x01f7]
[    0.119094] pci 0000:00:01.1: legacy IDE quirk: reg 0x14: [io  0x03f6]
[    0.120002] pci 0000:00:01.1: legacy IDE quirk: reg 0x18: [io  0x0170-0x0177]
[    0.121419] pci 0000:00:01.1: legacy IDE quirk: reg 0x1c: [io  0x0376]
[    0.143122] pci 0000:00:07.0: quirk: [io  0x4000-0x403f] claimed by PIIX4 ACPI
[    0.144013] pci 0000:00:07.0: quirk: [io  0x4100-0x410f] claimed by PIIX4 SMB
[    0.158457] ACPI: PCI Interrupt Link [LNKA] (IRQs 5 9 10 *11)
[    0.159840] ACPI: PCI Interrupt Link [LNKB] (IRQs 5 9 *10 11)
[    0.160129] ACPI: PCI Interrupt Link [LNKC] (IRQs 5 *9 10 11)
[    0.161314] ACPI: PCI Interrupt Link [LNKD] (IRQs 5 9 10 *11)
[    0.162659] SCSI subsystem initialized
[    0.164048] pci 0000:00:02.0: vgaarb: setting as boot VGA device
[    0.165110] pci 0000:00:02.0: vgaarb: VGA device added: decodes=io+mem,owns=io+mem,locks=none
[    0.166637] pci 0000:00:02.0: vgaarb: bridge control possible
[    0.167627] vgaarb: loaded
[    0.168033] ACPI: bus type USB registered
[    0.168868] usbcore: registered new interface driver usbfs
[    0.169885] usbcore: registered new interface driver hub
[    0.171358] usbcore: registered new device driver usb
[    0.172055] EDAC MC: Ver: 3.0.0
[    0.172983] PCI: Using ACPI for IRQ routing
[    0.172997] NetLabel: Initializing
[    0.173649] NetLabel:  domain hash size = 128
[    0.176002] NetLabel:  protocols = UNLABELED CIPSOv4 CALIPSO
[    0.177126] NetLabel:  unlabeled traffic allowed by default
[    0.178099] clocksource: Switched to clocksource kvm-clock
[    0.191817] VFS: Disk quotas dquot_6.6.0
[    0.192630] VFS: Dquot-cache hash table entries: 512 (order 0, 4096 bytes)
[    0.193827] AppArmor: AppArmor Filesystem Enabled
[    0.194738] pnp: PnP ACPI init
[    0.196382] pnp: PnP ACPI: found 3 devices
[    0.209314] clocksource: acpi_pm: mask: 0xffffff max_cycles: 0xffffff, max_idle_ns: 2085701024 ns
[    0.210821] NET: Registered protocol family 2
[    0.211850] TCP established hash table entries: 16384 (order: 5, 131072 bytes)
[    0.213311] TCP bind hash table entries: 16384 (order: 6, 262144 bytes)
[    0.214424] TCP: Hash tables configured (established 16384 bind 16384)
[    0.215518] UDP hash table entries: 1024 (order: 3, 32768 bytes)
[    0.216550] UDP-Lite hash table entries: 1024 (order: 3, 32768 bytes)
[    0.217628] NET: Registered protocol family 1
[    0.218409] pci 0000:00:00.0: Limiting direct PCI/PCI transfers
[    0.219483] pci 0000:00:01.0: Activating ISA DMA hang workarounds
[    0.220590] pci 0000:00:02.0: Video device with shadowed ROM at [mem 0x000c0000-0x000dffff]
[    0.222136] Unpacking initramfs...
[    0.504165] Freeing initrd memory: 19664K
[    0.505237] platform rtc_cmos: registered platform RTC device (no PNP device found)
[    0.506811] Scanning for low memory corruption every 60 seconds
[    0.508718] Initialise system trusted keyrings
[    0.509550] Key type blacklist registered
[    0.510383] workingset: timestamp_bits=36 max_order=19 bucket_order=0
[    0.512354] zbud: loaded
[    0.513399] squashfs: version 4.0 (2009/01/31) Phillip Lougher
[    0.514630] fuse init (API version 7.26)
[    0.520136] Key type asymmetric registered
[    0.520863] Asymmetric key parser 'x509' registered
[    0.521711] Block layer SCSI generic (bsg) driver version 0.4 loaded (major 246)
[    0.523265] io scheduler noop registered
[    0.523939] io scheduler deadline registered
[    0.524891] io scheduler cfq registered (default)
[    0.526114] ACPI: AC Adapter [AC] (on-line)
[    0.526904] input: Power Button as /devices/LNXSYSTM:00/LNXPWRBN:00/input/input0
[    0.528236] ACPI: Power Button [PWRF]
[    0.528929] input: Sleep Button as /devices/LNXSYSTM:00/LNXSLPBN:00/input/input1
[    0.530296] ACPI: Sleep Button [SLPF]
[    0.531934] ACPI: Battery Slot [BAT0] (battery present)
[    0.533153] Serial: 8250/16550 driver, 32 ports, IRQ sharing enabled
[    0.554879] 00:02: ttyS0 at I/O 0x3f8 (irq = 4, base_baud = 115200) is a 16550A
[    0.560409] Linux agpgart interface v0.103
[    0.562824] loop: module loaded
[    0.563915] scsi host0: ata_piix
[    0.564763] scsi host1: ata_piix
[    0.565408] ata1: PATA max UDMA/33 cmd 0x1f0 ctl 0x3f6 bmdma 0xd000 irq 14
[    0.566513] ata2: PATA max UDMA/33 cmd 0x170 ctl 0x376 bmdma 0xd008 irq 15
[    0.567752] libphy: Fixed MDIO Bus: probed
[    0.568572] tun: Universal TUN/TAP device driver, 1.6
[    0.569529] PPP generic driver version 2.4.2
[    0.570418] ehci_hcd: USB 2.0 'Enhanced' Host Controller (EHCI) Driver
[    0.571474] ehci-pci: EHCI PCI platform driver
[    0.572272] ehci-platform: EHCI generic platform driver
[    0.573287] ohci_hcd: USB 1.1 'Open' Host Controller (OHCI) Driver
[    0.574318] ohci-pci: OHCI PCI platform driver
[    0.575097] ohci-platform: OHCI generic platform driver
[    0.575975] uhci_hcd: USB Universal Host Controller Interface driver
[    0.577179] i8042: PNP: PS/2 Controller [PNP0303:PS2K,PNP0f03:PS2M] at 0x60,0x64 irq 1,12
[    0.578996] serio: i8042 KBD port at 0x60,0x64 irq 1
[    0.579877] serio: i8042 AUX port at 0x60,0x64 irq 12
[    0.580983] mousedev: PS/2 mouse device common for all mice
[    0.582497] input: AT Translated Set 2 keyboard as /devices/platform/i8042/serio0/input/input2
[    0.583964] rtc_cmos rtc_cmos: rtc core: registered rtc_cmos as rtc0
[    0.585313] rtc_cmos rtc_cmos: alarms up to one day, 114 bytes nvram
[    0.586364] i2c /dev entries driver
[    0.586996] pcie_mp2_amd: AMD(R) PCI-E MP2 Communication Driver Version: 1.0
[    0.588182] device-mapper: uevent: version 1.0.3
[    0.589150] device-mapper: ioctl: 4.37.0-ioctl (2017-09-20) initialised: dm-devel@redhat.com
[    0.590960] ledtrig-cpu: registered to indicate activity on CPUs
[    0.592524] NET: Registered protocol family 10
[    0.597073] Segment Routing with IPv6
[    0.597732] NET: Registered protocol family 17
[    0.598699] Key type dns_resolver registered
[    0.600083] RAS: Correctable Errors collector initialized.
[    0.601024] sched_clock: Marking stable (600046262, 0)->(912714735, -312668473)
[    0.603963] registered taskstats version 1
[    0.604837] Loading compiled-in X.509 certificates
[    0.608192] Loaded X.509 cert 'Build time autogenerated kernel key: e7056c016f846647db0f624c10ce588fee742707'
[    0.610021] zswap: loaded using pool lzo/zbud
[    0.614882] Key type big_key registered
[    0.615534] Key type trusted registered
[    0.617864] Key type encrypted registered
[    0.618628] AppArmor: AppArmor sha1 policy hashing enabled
[    0.619552] ima: No TPM chip found, activating TPM-bypass! (rc=-19)
[    0.620692] ima: Allocated hash algorithm: sha1
[    0.621506] evm: HMAC attrs: 0x1
[    0.622427]   Magic number: 3:146:390
[    0.623329] rtc_cmos rtc_cmos: setting system clock to 2019-05-07 17:23:46 UTC (1557249826)
[    0.624948] BIOS EDD facility v0.16 2004-Jun-25, 0 devices found
[    0.625902] EDD information not available.
[    0.737252] Freeing unused kernel image memory: 2408K
[    0.767141] Write protecting the kernel read-only data: 20480k
[    0.769188] Freeing unused kernel image memory: 2008K
[    0.770594] Freeing unused kernel image memory: 1868K
[    0.778182] x86/mm: Checked W+X mappings: passed, no W+X pages found.
[    0.779364] x86/mm: Checking user space page tables
[    0.786698] x86/mm: Checked W+X mappings: passed, no W+X pages found.
Loading, please wait...
starting version 237
[    0.835132] Fusion MPT base driver 3.04.20
[    0.835933] Copyright (c) 1999-2008 LSI Corporation
[    0.837376] e1000: Intel(R) PRO/1000 Network Driver - version 7.3.21-k8-NAPI
[    0.838583] e1000: Copyright (c) 1999-2006 Intel Corporation.
[    0.847797] Fusion MPT SPI Host driver 3.04.20
[    0.850444] AVX2 version of gcm_enc/dec engaged.
[    0.851328] AES CTR mode by8 optimization enabled
[    1.047542] input: ImExPS/2 Generic Explorer Mouse as /devices/platform/i8042/serio1/input/input4
[    1.230558] e1000 0000:00:03.0 eth0: (PCI:33MHz:32-bit) 02:ff:cd:56:66:68
[    1.231765] e1000 0000:00:03.0 eth0: Intel(R) PRO/1000 Network Connection
[    1.538576] tsc: Refined TSC clocksource calibration: 2207.997 MHz
[    1.539682] clocksource: tsc: mask: 0xffffffffffffffff max_cycles: 0x1fd3b5632d5, max_idle_ns: 440795269069 ns
[    1.889383] e1000 0000:00:08.0 eth1: (PCI:33MHz:32-bit) 08:00:27:a5:ff:a1
[    1.890535] e1000 0000:00:08.0 eth1: Intel(R) PRO/1000 Network Connection
[    1.892774] mptbase: ioc0: Initiating bringup
[    1.893321] e1000 0000:00:08.0 enp0s8: renamed from eth1
[    1.912197] e1000 0000:00:03.0 enp0s3: renamed from eth0
[    1.988424] ioc0: LSI53C1030 A0: Capabilities={Initiator}
[    2.232260] scsi host2: ioc0: LSI53C1030 A0, FwRev=00000000h, Ports=1, MaxQ=256, IRQ=20
[    2.401352] scsi 2:0:0:0: Direct-Access     VBOX     HARDDISK         1.0  PQ: 0 ANSI: 5
[    2.864708] scsi target2:0:0: Beginning Domain Validation
[    2.869217] scsi target2:0:0: Domain Validation skipping write tests
[    2.870352] scsi target2:0:0: Ending Domain Validation
[    2.871549] scsi target2:0:0: asynchronous
[    2.873044] scsi 2:0:1:0: Direct-Access     VBOX     HARDDISK         1.0  PQ: 0 ANSI: 5
[    2.912182] scsi target2:0:1: Beginning Domain Validation
[    2.915652] random: fast init done
[    2.916844] scsi target2:0:1: Domain Validation skipping write tests
[    2.917938] scsi target2:0:1: Ending Domain Validation
[    2.918912] scsi target2:0:1: asynchronous
[    2.925827] random: systemd-udevd: uninitialized urandom read (16 bytes read)
[    2.927126] random: systemd-udevd: uninitialized urandom read (16 bytes read)
[    2.928313] random: systemd-udevd: uninitialized urandom read (16 bytes read)
[    2.929855] sd 2:0:0:0: Attached scsi generic sg0 type 0
[    2.930341] sd 2:0:0:0: [sda] 20971520 512-byte logical blocks: (10.7 GB/10.0 GiB)
[    2.930515] sd 2:0:0:0: [sda] Write Protect is off
[    2.930874] sd 2:0:0:0: [sda] Incomplete mode parameter data
[    2.930875] sd 2:0:0:0: [sda] Assuming drive cache: write through
[    2.936004] sd 2:0:1:0: Attached scsi generic sg1 type 0
[    2.936367] sd 2:0:1:0: [sdb] 20480 512-byte logical blocks: (10.5 MB/10.0 MiB)
[    2.936550] sd 2:0:1:0: [sdb] Write Protect is off
[    2.936914] sd 2:0:1:0: [sdb] Incomplete mode parameter data
[    2.936915] sd 2:0:1:0: [sdb] Assuming drive cache: write through
[    2.944183]  sda: sda1
[    2.946343] sd 2:0:0:0: [sda] Attached SCSI disk
[    2.947094] sd 2:0:1:0: [sdb] Attached SCSI disk
Begin: Loading essential drivers ... [    4.476100] raid6: sse2x1   gen() 13515 MB/s
[    4.524417] raid6: sse2x1   xor()  9723 MB/s
[    4.573181] raid6: sse2x2   gen() 16577 MB/s
[    4.620164] raid6: sse2x2   xor() 10835 MB/s
[    4.668020] raid6: sse2x4   gen() 19024 MB/s
[    4.716693] raid6: sse2x4   xor() 11460 MB/s
[    4.764472] raid6: avx2x1   gen() 27297 MB/s
[    4.812323] raid6: avx2x1   xor() 18323 MB/s
[    4.861086] raid6: avx2x2   gen() 33904 MB/s
[    4.908017] raid6: avx2x2   xor() 20301 MB/s
[    4.956733] raid6: avx2x4   gen() 37192 MB/s
[    5.004560] raid6: avx2x4   xor() 21695 MB/s
[    5.005351] raid6: using algorithm avx2x4 gen() 37192 MB/s
[    5.006290] raid6: .... xor() 21695 MB/s, rmw enabled
[    5.007204] raid6: using avx2x2 recovery algorithm
[    5.009187] xor: automatically using best checksumming function   avx       
[    5.011471] async_tx: api initialized (async)
done.
Begin: Running /scripts/init-premount ... done.
Begin: Mounting root file system ... Begin: Running /scripts/local-top ... done.
Begin: Running /scripts/local-premount ... [    5.049975] Btrfs loaded, crc32c=crc32c-intel
Scanning for Btrfs filesystems
done.
Warning: fsck not present, so skipping root file system
[    5.090012] EXT4-fs (sda1): mounted filesystem with ordered data mode. Opts: (null)
done.
Begin: Running /scripts/local-bottom ... done.
Begin: Running /scripts/init-bottom ... done.
[    5.702456] ip_tables: (C) 2000-2006 Netfilter Core Team
[    5.714065] systemd[1]: systemd 237 running in system mode. (+PAM +AUDIT +SELINUX +IMA +APPARMOR +SMACK +SYSVINIT +UTMP +LIBCRYPTSETUP +GCRYPT +GNUTLS +ACL +XZ +LZ4 +SECCOMP +BLKID +ELFUTILS +KMOD -IDN2 +IDN -PCRE2 default-hierarchy=hybrid)
[    5.717980] systemd[1]: Detected virtualization oracle.
[    5.718952] systemd[1]: Detected architecture x86-64.

Welcome to [1mUbuntu 18.04.2 LTS[0m!

[    5.730084] systemd[1]: Set hostname to <ubuntu-bionic>.
[    6.050999] systemd[1]: Reached target System Time Synchronized.
[[0;32m  OK  [0m] Reached target System Time Synchronized.
[    6.064288] systemd[1]: Set up automount Arbitrary Executable File Formats File System Automount Point.
[[0;32m  OK  [0m] Set up automount Arbitrary Executab…rmats File System Automount Point.
[    6.078702] systemd[1]: Reached target User and Group Name Lookups.
[[0;32m  OK  [0m] Reached target User and Group Name Lookups.
[    6.104151] systemd[1]: Created slice User and Session Slice.
[[0;32m  OK  [0m] Created slice User and Session Slice.
[    6.121520] systemd[1]: Started Forward Password Requests to Wall Directory Watch.
[[0;32m  OK  [0m] Started Forward Password Requests to Wall Directory Watch.
[    6.132614] systemd[1]: Created slice System Slice.
[[0;32m  OK  [0m] Created slice System Slice.
[[0;32m  OK  [0m] Listening on Syslog Socket.
[[0;32m  OK  [0m] Created slice system-serial\x2dgetty.slice.
[[0;32m  OK  [0m] Listening on udev Kernel Socket.
[[0;32m  OK  [0m] Listening on LVM2 poll daemon socket.
[[0;32m  OK  [0m] Listening on /dev/initctl Compatibility Named Pipe.
[[0;32m  OK  [0m] Listening on RPCbind Server Activation Socket.
[[0;32m  OK  [0m] Listening on Network Service Netlink Socket.
[[0;32m  OK  [0m] Reached target Swap.
[[0;32m  OK  [0m] Listening on Journal Audit Socket.
[[0;32m  OK  [0m] Listening on LVM2 metadata daemon socket.
[[0;32m  OK  [0m] Listening on udev Control Socket.
[[0;32m  OK  [0m] Listening on Device-mapper event daemon FIFOs.
[[0;32m  OK  [0m] Reached target Slices.
[[0;32m  OK  [0m] Listening on Journal Socket.
         Starting Monitoring of LVM2 mirrors…ng dmeventd or progress polling...
         Starting Remount Root and Kernel File Systems...
         Mounting NFSD configuration filesystem...
         Mounting RPC Pipe File System...
         Starting Create list of required st…ce nodes for the current kernel...
         Starting Uncomplicated firewall...
         Starting udev Coldplug all Devices...
         Starting Load Kernel Modules...
         Starting Set the console keyboard layout...
         Mounting POSIX Message Queue File System...
         Mounting Huge Pages File System...
         Mounting Kernel Debug File System...
[[0;32m  OK  [0m] Listening on Journal Socket (/dev/log).
         Starting Journal Service...
[[0;32m  OK  [0m] Started Create list of required sta…vice nodes for the current kernel.
[[0;32m  OK  [0m] Started Uncomplicated firewall.
         Starting Create Static Device Nodes in /dev...
[    6.294109] Loading iSCSI transport class v2.0-870.
[    6.301156] iscsi: registered transport (tcp)
[[0;32m  OK  [0m] Started udev Coldplug all Devices.
[[0;32m  OK  [0m] Started Journal Service.
[[0;32m  OK  [0m] Started Create Static Device Nodes in /dev.
[    6.407668] iscsi: registered transport (iser)
[[0;32m  OK  [0m] Started Load Kernel Modules.
         Mounting FUSE Control File System...
         Mounting Kernel Configuration File System...
         Starting Apply Kernel Variables...
[[0;32m  OK  [0m] Started Apply Kernel Variables.
[[0;32m  OK  [0m] Mounted POSIX Message Queue File System.
[[0;32m  OK  [0m] Mounted Huge Pages File System.
[[0;32m  OK  [0m] Mounted Kernel Debug File System.
[[0;32m  OK  [0m] Mounted FUSE Control File System.
[[0;32m  OK  [0m] Started Remount Root and Kernel File Systems.
[[0;32m  OK  [0m] Mounted Kernel Configuration File System.
[[0;32m  OK  [0m] Started LVM2 metadata daemon.
         Starting Flush Journal to Persistent Storage...
         Starting Load/Save Random Seed...
         Starting udev Kernel Device Manager...
[[0;32m  OK  [0m] Mounted RPC Pipe File System.
         Starting pNFS block layout mapping daemon...
[[0;32m  OK  [0m] Started Load/Save Random Seed.
[[0;32m  OK  [0m] Started Monitoring of LVM2 mirrors,…sing dmeventd or progress polling.
[[0;32m  OK  [0m] Mounted NFSD configuration filesystem.
[[0;32m  OK  [0m] Started pNFS block layout mapping daemon.
[[0;32m  OK  [0m] Started udev Kernel Device Manager.
[[0;32m  OK  [0m] Started Flush Journal to Persistent Storage.
[[0;32m  OK  [0m] Found device /dev/ttyS0.
[[0;32m  OK  [0m] Listening on Load/Save RF Kill Switch Status /dev/rfkill Watch.
[[0;32m  OK  [0m] Started Set the console keyboard layout.
[[0;32m  OK  [0m] Reached target Local File Systems (Pre).
[[0;32m  OK  [0m] Reached target Local File Systems.
         Starting Set console font and keymap...
         Starting Create Volatile Files and Directories...
         Starting ebtables ruleset management...
         Starting Tell Plymouth To Write Out Runtime Data...
         Starting AppArmor initialization...
         Starting Preprocess NFS configuration...
         Starting QEMU KVM preparation - module, ksm, hugepages...
[[0;32m  OK  [0m] Started Dispatch Password Requests to Console Directory Watch.
[[0;32m  OK  [0m] Reached target Local Encrypted Volumes.
[[0;32m  OK  [0m] Started Set console font and keymap.
[[0;32m  OK  [0m] Started Create Volatile Files and Directories.
[[0;32m  OK  [0m] Started Tell Plymouth To Write Out Runtime Data.
[[0;32m  OK  [0m] Started Preprocess NFS configuration.
         Starting NFSv4 ID-name mapping service...
[[0;32m  OK  [0m] Reached target NFS client services.
         Starting Update UTMP about System Boot/Shutdown...
         Starting RPC bind portmap service...
[[0;32m  OK  [0m] Started NFSv4 ID-name mapping service.
[[0;32m  OK  [0m] Started QEMU KVM preparation - module, ksm, hugepages.
[[0;32m  OK  [0m] Started RPC bind portmap service.
[[0;32m  OK  [0m] Reached target RPC Port Mapper.
[[0;32m  OK  [0m] Started Update UTMP about System Boot/Shutdown.
[[0;32m  OK  [0m] Started ebtables ruleset management.
[[0;32m  OK  [0m] Started AppArmor initialization.
         Starting Initial cloud-init job (pre-networking)...
[    9.397074] cloud-init[815]: Cloud-init v. 18.5-45-g3554ffe8-0ubuntu1~18.04.1 running 'init-local' at Tue, 07 May 2019 17:23:55 +0000. Up 9.17 seconds.
[[0;32m  OK  [0m] Started Initial cloud-init job (pre-networking).
[[0;32m  OK  [0m] Reached target Network (Pre).
         Starting Network Service...
[[0;32m  OK  [0m] Started Network Service.
         Starting Wait for Network to be Configured...
         Starting Network Name Resolution...
[[0;32m  OK  [0m] Started Network Name Resolution.
[[0;32m  OK  [0m] Reached target Host and Network Name Lookups.
[[0;32m  OK  [0m] Reached target Network.
         Starting NFS Mount Daemon...
[[0;32m  OK  [0m] Started NFS Mount Daemon.
         Starting NFS server and services...
[[0;32m  OK  [0m] Started NFS server and services.
[[0;32m  OK  [0m] Started Wait for Network to be Configured.
         Starting Initial cloud-init job (metadata service crawler)...
[   11.831350] cloud-init[960]: Cloud-init v. 18.5-45-g3554ffe8-0ubuntu1~18.04.1 running 'init' at Tue, 07 May 2019 17:23:57 +0000. Up 11.63 seconds.
[   11.832727] cloud-init[960]: ci-info: ++++++++++++++++++++++++++++++++++++++Net device info+++++++++++++++++++++++++++++++++++++++
[   11.833799] cloud-init[960]: ci-info: +--------+------+-----------------------------+---------------+--------+-------------------+
[   11.834999] cloud-init[960]: ci-info: | Device |  Up  |           Address           |      Mask     | Scope  |     Hw-Address    |
[   11.836284] cloud-init[960]: ci-info: +--------+------+-----------------------------+---------------+--------+-------------------+
[   11.837841] cloud-init[960]: ci-info: | enp0s3 | True |          10.0.2.15          | 255.255.255.0 | global | 02:ff:cd:56:66:68 |
[   11.840017] cloud-init[960]: ci-info: | enp0s3 | True |  fe80::ff:cdff:fe56:6668/64 |       .       |  link  | 02:ff:cd:56:66:68 |
[   11.841462] cloud-init[960]: ci-info: | enp0s8 | True |        192.168.33.10        | 255.255.255.0 | global | 08:00:27:a5:ff:a1 |
[   11.852563] cloud-init[960]: ci-info: | enp0s8 | True | fe80::a00:27ff:fea5:ffa1/64 |       .       |  link  | 08:00:27:a5:ff:a1 |
[   11.853990] cloud-init[960]: ci-info: |   lo   | True |          127.0.0.1          |   255.0.0.0   |  host  |         .         |
[   11.868613] cloud-init[960]: ci-info: |   lo   | True |           ::1/128           |       .       |  host  |         .         |
[   11.869724] cloud-init[960]: ci-info: +--------+------+-----------------------------+---------------+--------+-------------------+
[   11.870470] cloud-init[960]: ci-info: +++++++++++++++++++++++++++++Route IPv4 info+++++++++++++++++++++++++++++
[   11.871167] cloud-init[960]: ci-info: +-------+--------------+----------+-----------------+-----------+-------+
[   11.871930] cloud-init[960]: ci-info: | Route | Destination  | Gateway  |     Genmask     | Interface | Flags |
[   11.873091] cloud-init[960]: ci-info: +-------+--------------+----------+-----------------+-----------+-------+
[   11.884480] cloud-init[960]: ci-info: |   0   |   0.0.0.0    | 10.0.2.2 |     0.0.0.0     |   enp0s3  |   UG  |
[   11.885645] cloud-init[960]: ci-info: |   1   |   10.0.2.0   | 0.0.0.0  |  255.255.255.0  |   enp0s3  |   U   |
[   11.896444] cloud-init[960]: ci-info: |   2   |   10.0.2.2   | 0.0.0.0  | 255.255.255.255 |   enp0s3  |   UH  |
[   11.901609] cloud-init[960]: ci-info: |   3   | 192.168.33.0 | 0.0.0.0  |  255.255.255.0  |   enp0s8  |   U   |
[   11.902797] cloud-init[960]: ci-info: +-------+--------------+----------+-----------------+-----------+-------+
[   11.904691] cloud-init[960]: ci-info: +++++++++++++++++++Route IPv6 info+++++++++++++++++++
[   11.905604] cloud-init[960]: ci-info: +-------+-------------+---------+-----------+-------+
[   11.920904] cloud-init[960]: ci-info: | Route | Destination | Gateway | Interface | Flags |
[   11.932685] cloud-init[960]: ci-info: +-------+-------------+---------+-----------+-------+
[   11.944293] cloud-init[960]: ci-info: |   1   |  fe80::/64  |    ::   |   enp0s8  |   U   |
[   11.960351] cloud-init[960]: ci-info: |   2   |  fe80::/64  |    ::   |   enp0s3  |   U   |
[   11.961130] cloud-init[960]: ci-info: |   4   |    local    |    ::   |   enp0s3  |   U   |
[   11.976501] cloud-init[960]: ci-info: |   5   |    local    |    ::   |   enp0s8  |   U   |
[   11.977344] cloud-init[960]: ci-info: |   6   |   ff00::/8  |    ::   |   enp0s8  |   U   |
[   11.978148] cloud-init[960]: ci-info: |   7   |   ff00::/8  |    ::   |   enp0s3  |   U   |
[   11.978876] cloud-init[960]: ci-info: +-------+-------------+---------+-----------+-------+
[[0;32m  OK  [0m] Started Initial cloud-init job (metadata service crawler).
[[0;32m  OK  [0m] Reached target Network is Online.
         Starting Availability of block devices...
[[0;32m  OK  [0m] Reached target Remote File Systems (Pre).
[[0;32m  OK  [0m] Reached target Remote File Systems.
[[0;32m  OK  [0m] Reached target System Initialization.
[[0;32m  OK  [0m] Started Daily Cleanup of Temporary Directories.
[[0;32m  OK  [0m] Listening on D-Bus System Message Bus Socket.
[[0;32m  OK  [0m] Started ACPI Events Check.
[[0;32m  OK  [0m] Listening on UUID daemon activation socket.
         Starting LXD - unix socket.
[[0;32m  OK  [0m] Started Clean PHP session files every 30 mins.
[[0;32m  OK  [0m] Reached target Paths.
[[0;32m  OK  [0m] Listening on Open-iSCSI iscsid Socket.
         Starting Socket activation for snappy daemon.
[[0;32m  OK  [0m] Started Discard unused blocks once a week.
[[0;32m  OK  [0m] Started Message of the Day.
[[0;32m  OK  [0m] Started Daily apt download activities.
[[0;32m  OK  [0m] Started Daily apt upgrade and clean activities.
[[0;32m  OK  [0m] Listening on ACPID Listen Socket.
         Starting Docker Socket for the API.
[[0;32m  OK  [0m] Reached target Timers.
[[0;32m  OK  [0m] Reached target Cloud-config availability.
[[0;32m  OK  [0m] Started Availability of block devices.
[[0;32m  OK  [0m] Listening on LXD - unix socket.
[[0;32m  OK  [0m] Listening on Socket activation for snappy daemon.
[[0;32m  OK  [0m] Listening on Docker Socket for the API.
[[0;32m  OK  [0m] Reached target Sockets.
[[0;32m  OK  [0m] Reached target Basic System.
         Starting Dispatcher daemon for systemd-networkd...
         Starting Login Service...
         Starting Permit User Sessions...
         Starting The Apache HTTP Server...
         Starting Clean php session files...
         Starting Virtualbox guest utils...
[[0;32m  OK  [0m] Started Deferred execution scheduler.
[[0;32m  OK  [0m] Started FUSE filesystem for LXC.
         Starting LSB: Record successful boot for GRUB...
         Starting OpenBSD Secure Shell server...
[[0;32m  OK  [0m] Started Regular background program processing daemon.
         Starting Snappy daemon...
[[0;32m  OK  [0m] Started irqbalance daemon.
         Starting Discard unused blocks...
[[0;32m  OK  [0m] Started D-Bus System Message Bus.
[[0;32m  OK  [0m] Started Login Service.
[[0;32m  OK  [0m] Started Unattended Upgrades Shutdown.
         Starting System Logging Service...
         Starting Ubuntu FAN network setup...
         Starting Accounts Service...
         Starting MySQL Community Server...
         Starting LSB: automatic crash report generation...
         Starting LXD - container startup/shutdown...
[[0;32m  OK  [0m] Started Permit User Sessions.
[[0;32m  OK  [0m] Started Discard unused blocks.
[[0;32m  OK  [0m] Started OpenBSD Secure Shell server.
         Starting Hold until boot process finishes up...
         Starting Terminate Plymouth Boot Screen...
[[0;32m  OK  [0m] Started Hold until boot process finishes up.
[[0;32m  OK  [0m] Started Serial Getty on ttyS0.
         Starting Set console scheme...
[[0;32m  OK  [0m] Started Terminate Plymouth Boot Screen.
[[0;32m  OK  [0m] Started System Logging Service.
[[0;32m  OK  [0m] Started Dispatcher daemon for systemd-networkd.
[[0;32m  OK  [0m] Started The Apache HTTP Server.
[[0;32m  OK  [0m] Started LSB: automatic crash report generation.
[[0;32m  OK  [0m] Started Set console scheme.
[[0;32m  OK  [0m] Created slice system-getty.slice.
[[0;32m  OK  [0m] Started Getty on tty1.
[[0;32m  OK  [0m] Reached target Login Prompts.
         Starting Authorization Manager...
[[0;32m  OK  [0m] Started LSB: Record successful boot for GRUB.
[[0;32m  OK  [0m] Started Authorization Manager.
[[0;32m  OK  [0m] Started Accounts Service.
[[0;32m  OK  [0m] Started Ubuntu FAN network setup.
[[0;32m  OK  [0m] Started Virtualbox guest utils.
[[0;32m  OK  [0m] Created slice User Slice of vagrant.
[[0;32m  OK  [0m] Started Snappy daemon.
[[0;32m  OK  [0m] Started Clean php session files.
[[0;32m  OK  [0m] Started LXD - container startup/shutdown.
[[0;32m  OK  [0m] Started Session 1 of user vagrant.
         Starting Wait until snapd is fully seeded...
         Starting User Manager for UID 1000...
[[0;32m  OK  [0m] Started Wait until snapd is fully seeded.
         Starting Apply the settings specified in cloud-config...
[[0;32m  OK  [0m] Started User Manager for UID 1000.
[   15.242481] cloud-init[1787]: Cloud-init v. 18.5-45-g3554ffe8-0ubuntu1~18.04.1 running 'modules:config' at Tue, 07 May 2019 17:24:00 +0000. Up 14.97 seconds.
[[0;32m  OK  [0m] Started Apply the settings specified in cloud-config.
[[0;32m  OK  [0m] Started MySQL Community Server.
[[0;32m  OK  [0m] Reached target Multi-User System.
[[0;32m  OK  [0m] Reached target Graphical Interface.
         Starting Update UTMP about System Runlevel Changes...
         Starting Execute cloud user/final scripts...
[[0;32m  OK  [0m] Started Update UTMP about System Runlevel Changes.
[   16.070464] cloud-init[1902]: Cloud-init v. 18.5-45-g3554ffe8-0ubuntu1~18.04.1 running 'modules:final' at Tue, 07 May 2019 17:24:01 +0000. Up 15.86 seconds.
[   16.081880] cloud-init[1902]: Cloud-init v. 18.5-45-g3554ffe8-0ubuntu1~18.04.1 finished at Tue, 07 May 2019 17:24:01 +0000. Datasource DataSourceNoCloud [seed=/dev/sdb][dsmode=net].  Up 16.05 seconds
[[0;32m  OK  [0m] Started Execute cloud user/final scripts.
         Starting Daily apt download activities...
[[0;32m  OK  [0m] Reached target Cloud-init target.

Ubuntu 18.04.2 LTS ubuntu-bionic ttyS0

ubuntu-bionic login: 